<?xml version="1.0" encoding="UTF-8"?>
<testng-results ignored="0" total="2" passed="2" failed="0" skipped="0">
  <reporter-output>
  </reporter-output>
  <suite started-at="2023-05-02T20:58:43 IST" name="Default suite" finished-at="2023-05-02T20:58:43 IST" duration-ms="122">
    <groups>
    </groups>
    <test started-at="2023-05-02T20:58:43 IST" name="Default test" finished-at="2023-05-02T20:58:43 IST" duration-ms="122">
      <class name="com.Navigation">
        <test-method signature="item()[pri:0, instance:com.Navigation@35aea049]" started-at="2023-05-02T20:58:43 IST" name="item" finished-at="2023-05-02T20:58:43 IST" duration-ms="23" status="PASS">
          <reporter-output>
          </reporter-output>
        </test-method> <!-- item -->
        <test-method signature="item2()[pri:0, instance:com.Navigation@35aea049]" started-at="2023-05-02T20:58:43 IST" name="item2" finished-at="2023-05-02T20:58:43 IST" duration-ms="5" status="PASS">
          <reporter-output>
          </reporter-output>
        </test-method> <!-- item2 -->
      </class> <!-- com.Navigation -->
    </test> <!-- Default test -->
  </suite> <!-- Default suite -->
</testng-results>
